#
# There is insufficient memory for the Java Runtime Environment to continue.
# Native memory allocation (malloc) failed to allocate 664944 bytes for Chunk::new
# Possible reasons:
#   The system is out of physical RAM or swap space
#   The process is running with CompressedOops enabled, and the Java Heap may be blocking the growth of the native heap
# Possible solutions:
#   Reduce memory load on the system
#   Increase physical memory or swap space
#   Check if swap backing store is full
#   Decrease Java heap size (-Xmx/-Xms)
#   Decrease number of Java threads
#   Decrease Java thread stack sizes (-Xss)
#   Set larger code cache with -XX:ReservedCodeCacheSize=
#   JVM is running with Unscaled Compressed Oops mode in which the Java heap is
#     placed in the first 4GB address space. The Java Heap base address is the
#     maximum limit for the native heap growth. Please use -XX:HeapBaseMinAddress
#     to set the Java Heap base and to place the Java Heap above 4GB virtual address.
# This output file may be truncated or incomplete.
#
#  Out of Memory Error (arena.cpp:189), pid=6080, tid=23652
#
# JRE version: OpenJDK Runtime Environment Temurin-17.0.7+7 (17.0.7+7) (build 17.0.7+7)
# Java VM: OpenJDK 64-Bit Server VM Temurin-17.0.7+7 (17.0.7+7, mixed mode, tiered, compressed oops, compressed class ptrs, parallel gc, windows-amd64)
# No core dump will be written. Minidumps are not enabled by default on client versions of Windows
#

---------------  S U M M A R Y ------------

Command Line: --add-modules=ALL-SYSTEM --add-opens=java.base/java.util=ALL-UNNAMED --add-opens=java.base/java.lang=ALL-UNNAMED --add-opens=java.base/sun.nio.fs=ALL-UNNAMED -Declipse.application=org.eclipse.jdt.ls.core.id1 -Dosgi.bundles.defaultStartLevel=4 -Declipse.product=org.eclipse.jdt.ls.core.product -Djava.import.generatesMetadataFilesAtProjectRoot=false -Dfile.encoding=utf8 -XX:+UseParallelGC -XX:GCTimeRatio=4 -XX:AdaptiveSizePolicyWeight=90 -Dsun.zip.disableMemoryMapping=true -Xmx1G -Xms100m -Xlog:disable -javaagent:c:\Users\thave\.vscode\extensions\redhat.java-1.20.0-win32-x64\lombok\lombok-1.18.28.jar -XX:+HeapDumpOnOutOfMemoryError -XX:HeapDumpPath=c:\Users\thave\AppData\Roaming\Code\User\workspaceStorage\d1c4d8db86163cae261ec0bd222bd72e\redhat.java -Daether.dependencyCollector.impl=bf c:\Users\thave\.vscode\extensions\redhat.java-1.20.0-win32-x64\server\plugins\org.eclipse.equinox.launcher_1.6.500.v20230622-2056.jar -configuration c:\Users\thave\AppData\Roaming\Code\User\globalStorage\redhat.java\1.20.0\config_win -data c:\Users\thave\AppData\Roaming\Code\User\workspaceStorage\d1c4d8db86163cae261ec0bd222bd72e\redhat.java\jdt_ws

Host: AMD Ryzen 5 4500U with Radeon Graphics         , 6 cores, 7G,  Windows 11 , 64 bit Build 22621 (10.0.22621.1928)
Time: Fri Jul 28 09:04:56 2023 Sri Lanka Standard Time elapsed time: 7.911681 seconds (0d 0h 0m 7s)

---------------  T H R E A D  ---------------

Current thread (0x000002b0f3ba6940):  JavaThread "C2 CompilerThread0" daemon [_thread_in_native, id=23652, stack(0x000000d3d3c00000,0x000000d3d3d00000)]


Current CompileTask:
C2:   7911 1462       4       java.io.WinNTFileSystem::normalize (143 bytes)

Stack: [0x000000d3d3c00000,0x000000d3d3d00000]
Native frames: (J=compiled Java code, j=interpreted, Vv=VM code, C=native code)
V  [jvm.dll+0x67754a]
V  [jvm.dll+0x834304]
V  [jvm.dll+0x835aae]
V  [jvm.dll+0x836113]
V  [jvm.dll+0x24696f]
V  [jvm.dll+0xac0ac]
V  [jvm.dll+0xac67c]
V  [jvm.dll+0x364e37]
V  [jvm.dll+0x32f6b1]
V  [jvm.dll+0x32eb5a]
V  [jvm.dll+0x219641]
V  [jvm.dll+0x218a61]
V  [jvm.dll+0x1a4d8d]
V  [jvm.dll+0x2284da]
V  [jvm.dll+0x226615]
V  [jvm.dll+0x7ea90b]
V  [jvm.dll+0x7e4e7a]
V  [jvm.dll+0x676395]
C  [ucrtbase.dll+0x29363]
C  [KERNEL32.DLL+0x126ad]
C  [ntdll.dll+0x5aa68]


---------------  P R O C E S S  ---------------

Threads class SMR info:
_java_thread_list=0x000002b0f9a52160, length=13, elements={
0x000002b0eed302d0, 0x000002b0eedeaee0, 0x000002b0f9220080, 0x000002b0f3ba4010,
0x000002b0f3ba49d0, 0x000002b0f3ba5490, 0x000002b0f3ba5d50, 0x000002b0f3ba6940,
0x000002b0f929ab00, 0x000002b0f92a7040, 0x000002b0eed8f710, 0x000002b0f93c22f0,
0x000002b0f9a622b0
}

Java Threads: ( => current thread )
  0x000002b0eed302d0 JavaThread "main" [_thread_in_native, id=21816, stack(0x000000d3d3200000,0x000000d3d3300000)]
  0x000002b0eedeaee0 JavaThread "Reference Handler" daemon [_thread_blocked, id=26308, stack(0x000000d3d3600000,0x000000d3d3700000)]
  0x000002b0f9220080 JavaThread "Finalizer" daemon [_thread_blocked, id=22560, stack(0x000000d3d3700000,0x000000d3d3800000)]
  0x000002b0f3ba4010 JavaThread "Signal Dispatcher" daemon [_thread_blocked, id=7556, stack(0x000000d3d3800000,0x000000d3d3900000)]
  0x000002b0f3ba49d0 JavaThread "Attach Listener" daemon [_thread_blocked, id=21776, stack(0x000000d3d3900000,0x000000d3d3a00000)]
  0x000002b0f3ba5490 JavaThread "Service Thread" daemon [_thread_blocked, id=10656, stack(0x000000d3d3a00000,0x000000d3d3b00000)]
  0x000002b0f3ba5d50 JavaThread "Monitor Deflation Thread" daemon [_thread_blocked, id=23608, stack(0x000000d3d3b00000,0x000000d3d3c00000)]
=>0x000002b0f3ba6940 JavaThread "C2 CompilerThread0" daemon [_thread_in_native, id=23652, stack(0x000000d3d3c00000,0x000000d3d3d00000)]
  0x000002b0f929ab00 JavaThread "C1 CompilerThread0" daemon [_thread_blocked, id=18104, stack(0x000000d3d3d00000,0x000000d3d3e00000)]
  0x000002b0f92a7040 JavaThread "Sweeper thread" daemon [_thread_blocked, id=12588, stack(0x000000d3d3e00000,0x000000d3d3f00000)]
  0x000002b0eed8f710 JavaThread "Common-Cleaner" daemon [_thread_blocked, id=6856, stack(0x000000d3d3f00000,0x000000d3d4000000)]
  0x000002b0f93c22f0 JavaThread "Notification Thread" daemon [_thread_blocked, id=23524, stack(0x000000d3d4000000,0x000000d3d4100000)]
  0x000002b0f9a622b0 JavaThread "Active Thread: Equinox Container: 79ad1195-41a4-4a88-a487-45007b25edd5" [_thread_blocked, id=16616, stack(0x000000d3d4700000,0x000000d3d4800000)]

Other Threads:
  0x000002b0eede01e0 VMThread "VM Thread" [stack: 0x000000d3d3500000,0x000000d3d3600000] [id=23212]
  0x000002b0f93c27c0 WatcherThread [stack: 0x000000d3d4100000,0x000000d3d4200000] [id=25500]
  0x000002b0eed45120 GCTaskThread "GC Thread#0" [stack: 0x000000d3d3400000,0x000000d3d3500000] [id=5280]
  0x000002b0f9b7d770 GCTaskThread "GC Thread#1" [stack: 0x000000d3d4200000,0x000000d3d4300000] [id=10636]
  0x000002b0f96130b0 GCTaskThread "GC Thread#2" [stack: 0x000000d3d4300000,0x000000d3d4400000] [id=25320]
  0x000002b0f9613360 GCTaskThread "GC Thread#3" [stack: 0x000000d3d4400000,0x000000d3d4500000] [id=22732]
  0x000002b0f9613610 GCTaskThread "GC Thread#4" [stack: 0x000000d3d4500000,0x000000d3d4600000] [id=21976]
  0x000002b0f9b49600 GCTaskThread "GC Thread#5" [stack: 0x000000d3d4600000,0x000000d3d4700000] [id=19120]

Threads with active compile tasks:
C2 CompilerThread0     7942 1462       4       java.io.WinNTFileSystem::normalize (143 bytes)

VM state: not at safepoint (normal execution)

VM Mutex/Monitor currently owned by a thread: None

Heap address: 0x00000000c0000000, size: 1024 MB, Compressed Oops mode: 32-bit

CDS archive(s) not mapped
Compressed class space mapped at: 0x0000000100000000-0x0000000140000000, reserved size: 1073741824
Narrow klass base: 0x0000000000000000, Narrow klass shift: 3, Narrow klass range: 0x140000000

GC Precious Log:
 CPUs: 6 total, 6 available
 Memory: 7399M
 Large Page Support: Disabled
 NUMA Support: Disabled
 Compressed Oops: Enabled (32-bit)
 Alignments: Space 512K, Generation 512K, Heap 2M
 Heap Min Capacity: 100M
 Heap Initial Capacity: 100M
 Heap Max Capacity: 1G
 Pre-touch: Disabled
 Parallel Workers: 6

Heap:
 PSYoungGen      total 29696K, used 21899K [0x00000000eab00000, 0x00000000ecc00000, 0x0000000100000000)
  eden space 25600K, 73% used [0x00000000eab00000,0x00000000ebd40a10,0x00000000ec400000)
  from space 4096K, 78% used [0x00000000ec400000,0x00000000ec7223a8,0x00000000ec800000)
  to   space 4096K, 0% used [0x00000000ec800000,0x00000000ec800000,0x00000000ecc00000)
 ParOldGen       total 68608K, used 8K [0x00000000c0000000, 0x00000000c4300000, 0x00000000eab00000)
  object space 68608K, 0% used [0x00000000c0000000,0x00000000c0002000,0x00000000c4300000)
 Metaspace       used 13694K, committed 13952K, reserved 1114112K
  class space    used 1354K, committed 1472K, reserved 1048576K

Card table byte_map: [0x000002b0ee6d0000,0x000002b0ee8e0000] _byte_map_base: 0x000002b0ee0d0000

Marking Bits: (ParMarkBitMap*) 0x00007ffc86e752c0
 Begin Bits: [0x000002b0f19b0000, 0x000002b0f29b0000)
 End Bits:   [0x000002b0f29b0000, 0x000002b0f39b0000)

Polling page: 0x000002b0ecd00000

Metaspace:

Usage:
  Non-class:     12.05 MB used.
      Class:      1.32 MB used.
       Both:     13.37 MB used.

Virtual space:
  Non-class space:       64.00 MB reserved,      12.19 MB ( 19%) committed,  1 nodes.
      Class space:        1.00 GB reserved,       1.44 MB ( <1%) committed,  1 nodes.
             Both:        1.06 GB reserved,      13.62 MB (  1%) committed. 

Chunk freelists:
   Non-Class:  3.34 MB
       Class:  14.48 MB
        Both:  17.83 MB

MaxMetaspaceSize: unlimited
CompressedClassSpaceSize: 1.00 GB
Initial GC threshold: 21.00 MB
Current GC threshold: 21.00 MB
CDS: off
MetaspaceReclaimPolicy: balanced
 - commit_granule_bytes: 65536.
 - commit_granule_words: 8192.
 - virtual_space_node_default_size: 8388608.
 - enlarge_chunks_in_place: 1.
 - new_chunks_are_fully_committed: 0.
 - uncommit_free_chunks: 1.
 - use_allocation_guard: 0.
 - handle_deallocations: 1.


Internal statistics:

num_allocs_failed_limit: 0.
num_arena_births: 54.
num_arena_deaths: 0.
num_vsnodes_births: 2.
num_vsnodes_deaths: 0.
num_space_committed: 218.
num_space_uncommitted: 0.
num_chunks_returned_to_freelist: 0.
num_chunks_taken_from_freelist: 220.
num_chunk_merges: 0.
num_chunk_splits: 146.
num_chunks_enlarged: 113.
num_inconsistent_stats: 0.

CodeHeap 'non-profiled nmethods': size=120000Kb used=569Kb max_used=569Kb free=119430Kb
 bounds [0x000002b087ad0000, 0x000002b087d40000, 0x000002b08f000000]
CodeHeap 'profiled nmethods': size=120000Kb used=2676Kb max_used=2676Kb free=117323Kb
 bounds [0x000002b080000000, 0x000002b0802a0000, 0x000002b087530000]
CodeHeap 'non-nmethods': size=5760Kb used=1160Kb max_used=1177Kb free=4599Kb
 bounds [0x000002b087530000, 0x000002b0877a0000, 0x000002b087ad0000]
 total_blobs=1909 nmethods=1459 adapters=364
 compilation: enabled
              stopped_count=0, restarted_count=0
 full_count=0

Compilation events (20 events):
Event: 5.387 Thread 0x000002b0f929ab00 nmethod 1452 0x000002b080299610 code [0x000002b0802997c0, 0x000002b080299ad8]
Event: 5.746 Thread 0x000002b0f929ab00 1453       3       java.net.URL::isValidProtocol (78 bytes)
Event: 5.747 Thread 0x000002b0f929ab00 nmethod 1453 0x000002b080299c10 code [0x000002b080299f20, 0x000002b08029b178]
Event: 5.752 Thread 0x000002b0f929ab00 1454       1       sun.nio.fs.NativeBuffer::address (5 bytes)
Event: 5.753 Thread 0x000002b0f929ab00 nmethod 1454 0x000002b087b5b710 code [0x000002b087b5b8a0, 0x000002b087b5b978]
Event: 5.753 Thread 0x000002b0f929ab00 1455       3       java.lang.StringBuilder::append (10 bytes)
Event: 5.754 Thread 0x000002b0f929ab00 nmethod 1455 0x000002b08029b810 code [0x000002b08029b9a0, 0x000002b08029bae8]
Event: 6.721 Thread 0x000002b0f929ab00 1456       3       java.lang.ThreadLocal$ThreadLocalMap::getEntry (42 bytes)
Event: 6.721 Thread 0x000002b0f929ab00 nmethod 1456 0x000002b08029bb90 code [0x000002b08029bd60, 0x000002b08029c138]
Event: 7.571 Thread 0x000002b0f3ba6940 1457       4       java.util.concurrent.ConcurrentHashMap::get (162 bytes)
Event: 7.573 Thread 0x000002b0f929ab00 1458       3       sun.nio.fs.WindowsPathParser::nextNonSlash (24 bytes)
Event: 7.573 Thread 0x000002b0f929ab00 nmethod 1458 0x000002b08029c310 code [0x000002b08029c520, 0x000002b08029cc78]
Event: 7.576 Thread 0x000002b0f3ba6940 nmethod 1457 0x000002b087b5ba10 code [0x000002b087b5bba0, 0x000002b087b5be78]
Event: 7.578 Thread 0x000002b0f3ba6940 1459       4       java.lang.StringBuilder::toString (35 bytes)
Event: 7.583 Thread 0x000002b0f3ba6940 nmethod 1459 0x000002b087b5c110 code [0x000002b087b5c2a0, 0x000002b087b5c698]
Event: 7.584 Thread 0x000002b0f3ba6940 1460 %     4       java.io.WinNTFileSystem::normalize @ 58 (224 bytes)
Event: 7.609 Thread 0x000002b0f3ba6940 nmethod 1460% 0x000002b087b5c890 code [0x000002b087b5ca80, 0x000002b087b5dbb8]
Event: 7.655 Thread 0x000002b0f929ab00 1461       3       java.lang.StringLatin1::getChars (12 bytes)
Event: 7.656 Thread 0x000002b0f929ab00 nmethod 1461 0x000002b08029cf90 code [0x000002b08029d120, 0x000002b08029d248]
Event: 7.875 Thread 0x000002b0f3ba6940 1462       4       java.io.WinNTFileSystem::normalize (143 bytes)

GC Heap History (2 events):
Event: 3.909 GC heap before
{Heap before GC invocations=1 (full 0):
 PSYoungGen      total 29696K, used 25600K [0x00000000eab00000, 0x00000000ecc00000, 0x0000000100000000)
  eden space 25600K, 100% used [0x00000000eab00000,0x00000000ec400000,0x00000000ec400000)
  from space 4096K, 0% used [0x00000000ec800000,0x00000000ec800000,0x00000000ecc00000)
  to   space 4096K, 0% used [0x00000000ec400000,0x00000000ec400000,0x00000000ec800000)
 ParOldGen       total 68608K, used 0K [0x00000000c0000000, 0x00000000c4300000, 0x00000000eab00000)
  object space 68608K, 0% used [0x00000000c0000000,0x00000000c0000000,0x00000000c4300000)
 Metaspace       used 11229K, committed 11392K, reserved 1114112K
  class space    used 1123K, committed 1216K, reserved 1048576K
}
Event: 3.922 GC heap after
{Heap after GC invocations=1 (full 0):
 PSYoungGen      total 29696K, used 3208K [0x00000000eab00000, 0x00000000ecc00000, 0x0000000100000000)
  eden space 25600K, 0% used [0x00000000eab00000,0x00000000eab00000,0x00000000ec400000)
  from space 4096K, 78% used [0x00000000ec400000,0x00000000ec7223a8,0x00000000ec800000)
  to   space 4096K, 0% used [0x00000000ec800000,0x00000000ec800000,0x00000000ecc00000)
 ParOldGen       total 68608K, used 8K [0x00000000c0000000, 0x00000000c4300000, 0x00000000eab00000)
  object space 68608K, 0% used [0x00000000c0000000,0x00000000c0002000,0x00000000c4300000)
 Metaspace       used 11229K, committed 11392K, reserved 1114112K
  class space    used 1123K, committed 1216K, reserved 1048576K
}

Dll operation events (8 events):
Event: 0.119 Loaded shared library c:\Users\thave\.vscode\extensions\redhat.java-1.20.0-win32-x64\jre\17.0.7-win32-x86_64\bin\java.dll
Event: 0.699 Loaded shared library c:\Users\thave\.vscode\extensions\redhat.java-1.20.0-win32-x64\jre\17.0.7-win32-x86_64\bin\zip.dll
Event: 0.705 Loaded shared library C:\Users\thave\.vscode\extensions\redhat.java-1.20.0-win32-x64\jre\17.0.7-win32-x86_64\bin\instrument.dll
Event: 0.741 Loaded shared library C:\Users\thave\.vscode\extensions\redhat.java-1.20.0-win32-x64\jre\17.0.7-win32-x86_64\bin\net.dll
Event: 0.747 Loaded shared library C:\Users\thave\.vscode\extensions\redhat.java-1.20.0-win32-x64\jre\17.0.7-win32-x86_64\bin\nio.dll
Event: 0.779 Loaded shared library C:\Users\thave\.vscode\extensions\redhat.java-1.20.0-win32-x64\jre\17.0.7-win32-x86_64\bin\zip.dll
Event: 0.803 Loaded shared library C:\Users\thave\.vscode\extensions\redhat.java-1.20.0-win32-x64\jre\17.0.7-win32-x86_64\bin\jimage.dll
Event: 0.900 Loaded shared library c:\Users\thave\.vscode\extensions\redhat.java-1.20.0-win32-x64\jre\17.0.7-win32-x86_64\bin\verify.dll

Deoptimization events (20 events):
Event: 4.202 Thread 0x000002b0eed302d0 DEOPT PACKING pc=0x000002b087af6828 sp=0x000000d3d32f7fd0
Event: 4.202 Thread 0x000002b0eed302d0 DEOPT UNPACKING pc=0x000002b0875866a3 sp=0x000000d3d32f7f80 mode 2
Event: 4.202 Thread 0x000002b0eed302d0 Uncommon trap: trap_request=0xffffffc6 fr.pc=0x000002b087af6828 relative=0x0000000000000288
Event: 4.202 Thread 0x000002b0eed302d0 Uncommon trap: reason=bimorphic_or_optimized_type_check action=maybe_recompile pc=0x000002b087af6828 method=java.util.Collections$UnmodifiableCollection$1.next()Ljava/lang/Object; @ 4 c2
Event: 4.202 Thread 0x000002b0eed302d0 DEOPT PACKING pc=0x000002b087af6828 sp=0x000000d3d32f7fd0
Event: 4.202 Thread 0x000002b0eed302d0 DEOPT UNPACKING pc=0x000002b0875866a3 sp=0x000000d3d32f7f80 mode 2
Event: 4.711 Thread 0x000002b0eed302d0 Uncommon trap: trap_request=0xffffffde fr.pc=0x000002b087b3e774 relative=0x00000000000009d4
Event: 4.711 Thread 0x000002b0eed302d0 Uncommon trap: reason=class_check action=maybe_recompile pc=0x000002b087b3e774 method=java.util.HashMap.putVal(ILjava/lang/Object;Ljava/lang/Object;ZZ)Ljava/lang/Object; @ 253 c2
Event: 4.711 Thread 0x000002b0eed302d0 DEOPT PACKING pc=0x000002b087b3e774 sp=0x000000d3d32fde90
Event: 4.711 Thread 0x000002b0eed302d0 DEOPT UNPACKING pc=0x000002b0875866a3 sp=0x000000d3d32fddb8 mode 2
Event: 4.719 Thread 0x000002b0eed302d0 Uncommon trap: trap_request=0xffffffde fr.pc=0x000002b087b3e774 relative=0x00000000000009d4
Event: 4.719 Thread 0x000002b0eed302d0 Uncommon trap: reason=class_check action=maybe_recompile pc=0x000002b087b3e774 method=java.util.HashMap.putVal(ILjava/lang/Object;Ljava/lang/Object;ZZ)Ljava/lang/Object; @ 253 c2
Event: 4.719 Thread 0x000002b0eed302d0 DEOPT PACKING pc=0x000002b087b3e774 sp=0x000000d3d32fde90
Event: 4.719 Thread 0x000002b0eed302d0 DEOPT UNPACKING pc=0x000002b0875866a3 sp=0x000000d3d32fddb8 mode 2
Event: 4.723 Thread 0x000002b0eed302d0 Uncommon trap: trap_request=0xffffffde fr.pc=0x000002b087addb1c relative=0x000000000000041c
Event: 4.723 Thread 0x000002b0eed302d0 Uncommon trap: reason=class_check action=maybe_recompile pc=0x000002b087addb1c method=java.util.HashMap.putVal(ILjava/lang/Object;Ljava/lang/Object;ZZ)Ljava/lang/Object; @ 253 c2
Event: 4.723 Thread 0x000002b0eed302d0 DEOPT PACKING pc=0x000002b087addb1c sp=0x000000d3d32fdd20
Event: 4.723 Thread 0x000002b0eed302d0 DEOPT UNPACKING pc=0x000002b0875866a3 sp=0x000000d3d32fdcc0 mode 2
Event: 5.005 Thread 0x000002b0eed302d0 DEOPT PACKING pc=0x000002b080108c61 sp=0x000000d3d32fc880
Event: 5.005 Thread 0x000002b0eed302d0 DEOPT UNPACKING pc=0x000002b087586e43 sp=0x000000d3d32fbd08 mode 0

Classes unloaded (0 events):
No events

Classes redefined (0 events):
No events

Internal exceptions (20 events):
Event: 2.407 Thread 0x000002b0eed302d0 Exception <a 'java/io/FileNotFoundException'{0x00000000eb7aaaa0}> (0x00000000eb7aaaa0) 
thrown [s\src\hotspot\share\prims\jni.cpp, line 516]
Event: 2.415 Thread 0x000002b0eed302d0 Implicit null exception at 0x000002b087b043f2 to 0x000002b087b04910
Event: 2.421 Thread 0x000002b0eed302d0 Implicit null exception at 0x000002b087b04f72 to 0x000002b087b054a0
Event: 2.423 Thread 0x000002b0eed302d0 Exception <a 'java/io/FileNotFoundException'{0x00000000eb7e38f8}> (0x00000000eb7e38f8) 
thrown [s\src\hotspot\share\prims\jni.cpp, line 516]
Event: 3.454 Thread 0x000002b0eed302d0 Exception <a 'java/lang/ClassNotFoundException'{0x00000000ebfe7e50}: sun/net/www/protocol/c/Handler> (0x00000000ebfe7e50) 
thrown [s\src\hotspot\share\classfile\systemDictionary.cpp, line 256]
Event: 3.454 Thread 0x000002b0eed302d0 Exception <a 'java/lang/ClassNotFoundException'{0x00000000ebfe9190}: sun/net/www/protocol/c/Handler> (0x00000000ebfe9190) 
thrown [s\src\hotspot\share\classfile\systemDictionary.cpp, line 256]
Event: 3.455 Thread 0x000002b0eed302d0 Exception <a 'java/lang/ClassNotFoundException'{0x00000000ebfea308}: sun/net/www/protocol/c/Handler> (0x00000000ebfea308) 
thrown [s\src\hotspot\share\classfile\systemDictionary.cpp, line 256]
Event: 3.464 Thread 0x000002b0eed302d0 Exception <a 'java/io/FileNotFoundException'{0x00000000ec010cd0}> (0x00000000ec010cd0) 
thrown [s\src\hotspot\share\prims\jni.cpp, line 516]
Event: 3.520 Thread 0x000002b0eed302d0 Implicit null exception at 0x000002b087b0cfdb to 0x000002b087b0d9c0
Event: 3.520 Thread 0x000002b0eed302d0 Implicit null exception at 0x000002b087b2376c to 0x000002b087b2394c
Event: 3.520 Thread 0x000002b0eed302d0 Implicit null exception at 0x000002b087b0feec to 0x000002b087b100bc
Event: 3.520 Thread 0x000002b0eed302d0 Implicit null exception at 0x000002b087b1080f to 0x000002b087b10885
Event: 3.694 Thread 0x000002b0eed302d0 Exception <a 'java/lang/NoSuchMethodError'{0x00000000ec2dc1e0}: 'int java.lang.invoke.DirectMethodHandle$Holder.invokeStaticInit(java.lang.Object, java.lang.Object, java.lang.Object, java.lang.Object)'> (0x00000000ec2dc1e0) 
thrown [s\src\hotspot\share\interpreter\linkResolver.cpp, line 759]
Event: 3.696 Thread 0x000002b0eed302d0 Exception <a 'java/lang/NoSuchMethodError'{0x00000000ec2e6850}: 'java.lang.Object java.lang.invoke.DirectMethodHandle$Holder.invokeInterface(java.lang.Object, java.lang.Object)'> (0x00000000ec2e6850) 
thrown [s\src\hotspot\share\interpreter\linkResolver.cpp, line 759]
Event: 3.697 Thread 0x000002b0eed302d0 Exception <a 'java/lang/IncompatibleClassChangeError'{0x00000000ec2ea048}: Found class java.lang.Object, but interface was expected> (0x00000000ec2ea048) 
thrown [s\src\hotspot\share\interpreter\linkResolver.cpp, line 826]
Event: 3.704 Thread 0x000002b0eed302d0 Exception <a 'java/lang/NoSuchMethodError'{0x00000000ec2ee540}: 'void java.lang.invoke.DirectMethodHandle$Holder.invokeStatic(java.lang.Object, java.lang.Object)'> (0x00000000ec2ee540) 
thrown [s\src\hotspot\share\interpreter\linkResolver.cpp, line 759]
Event: 3.706 Thread 0x000002b0eed302d0 Exception <a 'java/lang/NoSuchMethodError'{0x00000000ec2f1d40}: 'void java.lang.invoke.DirectMethodHandle$Holder.invokeStaticInit(java.lang.Object, java.lang.Object)'> (0x00000000ec2f1d40) 
thrown [s\src\hotspot\share\interpreter\linkResolver.cpp, line 759]
Event: 3.709 Thread 0x000002b0eed302d0 Exception <a 'java/lang/NoSuchMethodError'{0x00000000ec2f9138}: 'int java.lang.invoke.DirectMethodHandle$Holder.invokeStaticInit(java.lang.Object, java.lang.Object)'> (0x00000000ec2f9138) 
thrown [s\src\hotspot\share\interpreter\linkResolver.cpp, line 759]
Event: 3.970 Thread 0x000002b0eed302d0 Exception <a 'java/lang/NoSuchMethodError'{0x00000000eab437b8}: 'void java.lang.invoke.DirectMethodHandle$Holder.invokeSpecial(java.lang.Object, java.lang.Object, java.lang.Object)'> (0x00000000eab437b8) 
thrown [s\src\hotspot\share\interpreter\linkResolver.cpp, line 759]
Event: 4.635 Thread 0x000002b0eed302d0 Exception <a 'java/lang/NoSuchMethodError'{0x00000000eb874b28}: 'java.lang.Object java.lang.invoke.DirectMethodHandle$Holder.newInvokeSpecial(java.lang.Object, int, java.lang.Object)'> (0x00000000eb874b28) 
thrown [s\src\hotspot\share\interpreter\linkResolver.cpp, line 759]

VM Operations (20 events):
Event: 1.670 Executing VM operation: Cleanup
Event: 1.670 Executing VM operation: Cleanup done
Event: 1.853 Executing VM operation: HandshakeAllThreads
Event: 1.853 Executing VM operation: HandshakeAllThreads done
Event: 2.856 Executing VM operation: Cleanup
Event: 2.856 Executing VM operation: Cleanup done
Event: 3.862 Executing VM operation: Cleanup
Event: 3.863 Executing VM operation: Cleanup done
Event: 3.908 Executing VM operation: ParallelGCFailedAllocation
Event: 3.922 Executing VM operation: ParallelGCFailedAllocation done
Event: 4.549 Executing VM operation: HandshakeAllThreads
Event: 4.570 Executing VM operation: HandshakeAllThreads done
Event: 4.571 Executing VM operation: HandshakeAllThreads
Event: 4.571 Executing VM operation: HandshakeAllThreads done
Event: 4.578 Executing VM operation: HandshakeAllThreads
Event: 4.578 Executing VM operation: HandshakeAllThreads done
Event: 4.616 Executing VM operation: HandshakeAllThreads
Event: 4.617 Executing VM operation: HandshakeAllThreads done
Event: 5.630 Executing VM operation: Cleanup
Event: 5.631 Executing VM operation: Cleanup done

Events (20 events):
Event: 4.718 loading class java/util/ConcurrentModificationException
Event: 4.718 loading class java/util/ConcurrentModificationException done
Event: 4.726 loading class java/net/ContentHandlerFactory
Event: 4.821 loading class java/net/ContentHandlerFactory done
Event: 4.835 loading class java/net/ContentHandler
Event: 4.835 loading class java/net/ContentHandler done
Event: 4.889 loading class java/security/KeyStoreException
Event: 4.891 loading class java/security/KeyStoreException done
Event: 5.038 loading class java/util/LinkedList$Node
Event: 5.038 loading class java/util/LinkedList$Node done
Event: 5.038 loading class java/util/LinkedList$ListItr
Event: 5.039 loading class java/util/LinkedList$ListItr done
Event: 5.061 loading class sun/nio/fs/WindowsChannelFactory
Event: 5.061 loading class sun/nio/fs/WindowsChannelFactory done
Event: 5.061 loading class sun/nio/fs/WindowsChannelFactory$1
Event: 5.061 loading class sun/nio/fs/WindowsChannelFactory$1 done
Event: 5.061 loading class sun/nio/fs/WindowsChannelFactory$Flags
Event: 5.061 loading class sun/nio/fs/WindowsChannelFactory$Flags done
Event: 5.062 loading class sun/nio/ch/FileChannelImpl$Closer
Event: 5.062 loading class sun/nio/ch/FileChannelImpl$Closer done


Dynamic libraries:
0x00007ff65fe70000 - 0x00007ff65fe7e000 	c:\Users\thave\.vscode\extensions\redhat.java-1.20.0-win32-x64\jre\17.0.7-win32-x86_64\bin\java.exe
0x00007ffd2a750000 - 0x00007ffd2a964000 	C:\WINDOWS\SYSTEM32\ntdll.dll
0x00007ffd29110000 - 0x00007ffd291d2000 	C:\WINDOWS\System32\KERNEL32.DLL
0x00007ffd27b20000 - 0x00007ffd27ec3000 	C:\WINDOWS\System32\KERNELBASE.dll
0x00007ffd27f00000 - 0x00007ffd28011000 	C:\WINDOWS\System32\ucrtbase.dll
0x00007ffcfcbc0000 - 0x00007ffcfcbd7000 	c:\Users\thave\.vscode\extensions\redhat.java-1.20.0-win32-x64\jre\17.0.7-win32-x86_64\bin\jli.dll
0x00007ffd28a10000 - 0x00007ffd28bba000 	C:\WINDOWS\System32\USER32.dll
0x00007ffd27ed0000 - 0x00007ffd27ef6000 	C:\WINDOWS\System32\win32u.dll
0x00007ffd28e40000 - 0x00007ffd28e69000 	C:\WINDOWS\System32\GDI32.dll
0x00007ffd28190000 - 0x00007ffd282a9000 	C:\WINDOWS\System32\gdi32full.dll
0x00007ffd283a0000 - 0x00007ffd2843a000 	C:\WINDOWS\System32\msvcp_win.dll
0x00007ffcfb450000 - 0x00007ffcfb469000 	c:\Users\thave\.vscode\extensions\redhat.java-1.20.0-win32-x64\jre\17.0.7-win32-x86_64\bin\VCRUNTIME140.dll
0x00007ffd18a60000 - 0x00007ffd18cee000 	C:\WINDOWS\WinSxS\amd64_microsoft.windows.common-controls_6595b64144ccf1df_6.0.22621.1635_none_270f70857386168e\COMCTL32.dll
0x00007ffd29640000 - 0x00007ffd296e7000 	C:\WINDOWS\System32\msvcrt.dll
0x00007ffd2a690000 - 0x00007ffd2a6c1000 	C:\WINDOWS\System32\IMM32.DLL
0x00007ffd040e0000 - 0x00007ffd040ec000 	c:\Users\thave\.vscode\extensions\redhat.java-1.20.0-win32-x64\jre\17.0.7-win32-x86_64\bin\vcruntime140_1.dll
0x00007ffcf27f0000 - 0x00007ffcf2881000 	c:\Users\thave\.vscode\extensions\redhat.java-1.20.0-win32-x64\jre\17.0.7-win32-x86_64\bin\msvcp140.dll
0x00007ffc862f0000 - 0x00007ffc86f38000 	c:\Users\thave\.vscode\extensions\redhat.java-1.20.0-win32-x64\jre\17.0.7-win32-x86_64\bin\server\jvm.dll
0x00007ffd296f0000 - 0x00007ffd2979e000 	C:\WINDOWS\System32\ADVAPI32.dll
0x00007ffd28d80000 - 0x00007ffd28e24000 	C:\WINDOWS\System32\sechost.dll
0x00007ffd286e0000 - 0x00007ffd287f7000 	C:\WINDOWS\System32\RPCRT4.dll
0x00007ffd10410000 - 0x00007ffd10419000 	C:\WINDOWS\SYSTEM32\WSOCK32.dll
0x00007ffd28e70000 - 0x00007ffd28ee1000 	C:\WINDOWS\System32\WS2_32.dll
0x00007ffd1fc80000 - 0x00007ffd1fcb4000 	C:\WINDOWS\SYSTEM32\WINMM.dll
0x00007ffd1b7f0000 - 0x00007ffd1b7fa000 	C:\WINDOWS\SYSTEM32\VERSION.dll
0x00007ffd26b20000 - 0x00007ffd26b38000 	C:\WINDOWS\SYSTEM32\kernel.appcore.dll
0x00007ffd00530000 - 0x00007ffd0053a000 	c:\Users\thave\.vscode\extensions\redhat.java-1.20.0-win32-x64\jre\17.0.7-win32-x86_64\bin\jimage.dll
0x00007ffd25720000 - 0x00007ffd2594e000 	C:\WINDOWS\SYSTEM32\DBGHELP.DLL
0x00007ffd291e0000 - 0x00007ffd29569000 	C:\WINDOWS\System32\combase.dll
0x00007ffd28fc0000 - 0x00007ffd29097000 	C:\WINDOWS\System32\OLEAUT32.dll
0x00007ffd130e0000 - 0x00007ffd13112000 	C:\WINDOWS\SYSTEM32\dbgcore.DLL
0x00007ffd28320000 - 0x00007ffd2839a000 	C:\WINDOWS\System32\bcryptPrimitives.dll
0x00007ffd00190000 - 0x00007ffd0019e000 	c:\Users\thave\.vscode\extensions\redhat.java-1.20.0-win32-x64\jre\17.0.7-win32-x86_64\bin\instrument.dll
0x00007ffcfcfe0000 - 0x00007ffcfd005000 	c:\Users\thave\.vscode\extensions\redhat.java-1.20.0-win32-x64\jre\17.0.7-win32-x86_64\bin\java.dll
0x00007ffcfab30000 - 0x00007ffcfab48000 	c:\Users\thave\.vscode\extensions\redhat.java-1.20.0-win32-x64\jre\17.0.7-win32-x86_64\bin\zip.dll
0x00007ffd29e70000 - 0x00007ffd2a669000 	C:\WINDOWS\System32\SHELL32.dll
0x00007ffd25ac0000 - 0x00007ffd2638e000 	C:\WINDOWS\SYSTEM32\windows.storage.dll
0x00007ffd25980000 - 0x00007ffd25abe000 	C:\WINDOWS\SYSTEM32\wintypes.dll
0x00007ffd28900000 - 0x00007ffd289f1000 	C:\WINDOWS\System32\SHCORE.dll
0x00007ffd28ef0000 - 0x00007ffd28f4e000 	C:\WINDOWS\System32\shlwapi.dll
0x00007ffd27a50000 - 0x00007ffd27a76000 	C:\WINDOWS\SYSTEM32\profapi.dll
0x00007ffcf7f70000 - 0x00007ffcf7f89000 	C:\Users\thave\.vscode\extensions\redhat.java-1.20.0-win32-x64\jre\17.0.7-win32-x86_64\bin\net.dll
0x00007ffd204a0000 - 0x00007ffd205d7000 	C:\WINDOWS\SYSTEM32\WINHTTP.dll
0x00007ffd26fa0000 - 0x00007ffd27009000 	C:\WINDOWS\system32\mswsock.dll
0x00007ffcf7b90000 - 0x00007ffcf7ba5000 	C:\Users\thave\.vscode\extensions\redhat.java-1.20.0-win32-x64\jre\17.0.7-win32-x86_64\bin\nio.dll
0x00007ffd00070000 - 0x00007ffd00080000 	c:\Users\thave\.vscode\extensions\redhat.java-1.20.0-win32-x64\jre\17.0.7-win32-x86_64\bin\verify.dll

dbghelp: loaded successfully - version: 4.0.5 - missing functions: none
symbol engine: initialized successfully - sym options: 0x614 - pdb path: .;c:\Users\thave\.vscode\extensions\redhat.java-1.20.0-win32-x64\jre\17.0.7-win32-x86_64\bin;C:\WINDOWS\SYSTEM32;C:\WINDOWS\WinSxS\amd64_microsoft.windows.common-controls_6595b64144ccf1df_6.0.22621.1635_none_270f70857386168e;c:\Users\thave\.vscode\extensions\redhat.java-1.20.0-win32-x64\jre\17.0.7-win32-x86_64\bin\server

VM Arguments:
jvm_args: --add-modules=ALL-SYSTEM --add-opens=java.base/java.util=ALL-UNNAMED --add-opens=java.base/java.lang=ALL-UNNAMED --add-opens=java.base/sun.nio.fs=ALL-UNNAMED -Declipse.application=org.eclipse.jdt.ls.core.id1 -Dosgi.bundles.defaultStartLevel=4 -Declipse.product=org.eclipse.jdt.ls.core.product -Djava.import.generatesMetadataFilesAtProjectRoot=false -Dfile.encoding=utf8 -XX:+UseParallelGC -XX:GCTimeRatio=4 -XX:AdaptiveSizePolicyWeight=90 -Dsun.zip.disableMemoryMapping=true -Xmx1G -Xms100m -Xlog:disable -javaagent:c:\Users\thave\.vscode\extensions\redhat.java-1.20.0-win32-x64\lombok\lombok-1.18.28.jar -XX:+HeapDumpOnOutOfMemoryError -XX:HeapDumpPath=c:\Users\thave\AppData\Roaming\Code\User\workspaceStorage\d1c4d8db86163cae261ec0bd222bd72e\redhat.java -Daether.dependencyCollector.impl=bf 
java_command: c:\Users\thave\.vscode\extensions\redhat.java-1.20.0-win32-x64\server\plugins\org.eclipse.equinox.launcher_1.6.500.v20230622-2056.jar -configuration c:\Users\thave\AppData\Roaming\Code\User\globalStorage\redhat.java\1.20.0\config_win -data c:\Users\thave\AppData\Roaming\Code\User\workspaceStorage\d1c4d8db86163cae261ec0bd222bd72e\redhat.java\jdt_ws
java_class_path (initial): c:\Users\thave\.vscode\extensions\redhat.java-1.20.0-win32-x64\server\plugins\org.eclipse.equinox.launcher_1.6.500.v20230622-2056.jar
Launcher Type: SUN_STANDARD

[Global flags]
    uintx AdaptiveSizePolicyWeight                 = 90                                        {product} {command line}
     intx CICompilerCount                          = 3                                         {product} {ergonomic}
    uintx GCTimeRatio                              = 4                                         {product} {command line}
     bool HeapDumpOnOutOfMemoryError               = true                                   {manageable} {command line}
    ccstr HeapDumpPath                             = c:\Users\thave\AppData\Roaming\Code\User\workspaceStorage\d1c4d8db86163cae261ec0bd222bd72e\redhat.java         {manageable} {command line}
   size_t InitialHeapSize                          = 104857600                                 {product} {command line}
   size_t MaxHeapSize                              = 1073741824                                {product} {command line}
   size_t MaxNewSize                               = 357564416                                 {product} {ergonomic}
   size_t MinHeapDeltaBytes                        = 524288                                    {product} {ergonomic}
   size_t MinHeapSize                              = 104857600                                 {product} {command line}
   size_t NewSize                                  = 34603008                                  {product} {ergonomic}
    uintx NonNMethodCodeHeapSize                   = 5832780                                {pd product} {ergonomic}
    uintx NonProfiledCodeHeapSize                  = 122912730                              {pd product} {ergonomic}
   size_t OldSize                                  = 70254592                                  {product} {ergonomic}
    uintx ProfiledCodeHeapSize                     = 122912730                              {pd product} {ergonomic}
    uintx ReservedCodeCacheSize                    = 251658240                              {pd product} {ergonomic}
     bool SegmentedCodeCache                       = true                                      {product} {ergonomic}
   size_t SoftMaxHeapSize                          = 1073741824                             {manageable} {ergonomic}
     bool UseCompressedClassPointers               = true                           {product lp64_product} {ergonomic}
     bool UseCompressedOops                        = true                           {product lp64_product} {ergonomic}
     bool UseLargePagesIndividualAllocation        = false                                  {pd product} {ergonomic}
     bool UseParallelGC                            = true                                      {product} {command line}

Logging:
Log output configuration:
 #0: stdout all=off uptime,level,tags
 #1: stderr all=off uptime,level,tags

Environment Variables:
PATH=C:\Python310\Scripts\;C:\Python310\;C:\WinAVR-20100110\bin;C:\WinAVR-20100110\utils\bin;C:\Program Files\Common Files\Oracle\Java\javapath;C:\WINDOWS\system32;C:\WINDOWS;C:\WINDOWS\System32\Wbem;C:\WINDOWS\System32\WindowsPowerShell\v1.0\;C:\WINDOWS\System32\OpenSSH\;C:\ProgramData\chocolatey\bin;C:\ProgramData\ComposerSetup\bin;C:\Program Files (x86)\Microsoft VS Code\bin;C:\Program Files\nodejs\;C:\Users\thave\AppData\Roaming\npm;C:\Program Files\nodejs;C:\Python39;C:\Users\thave\AppData\Roaming\npm;C:\Users\thave\Downloads\MinGW\bin;C:\Program Files\Git\cmd;C:\php-8.2.6-Win32-vs16-x64;C:\Program Files\PuTTY\;%MYSQL_HOME%\bin;C:\Program Files\dotnet\;C:\ruby-2.7.1\ruby-2.7.1\bin;C:\Program Files (x86)\Bitvise SSH Client;C:\Python310\Scripts;C:\Program Files\Docker\Docker\resources\bin;C:\Program Files\nodejs\;C:\Users\thave\anaconda3;C:\Users\thave\anaconda3\Library\mingw-w64\bin;C:\Users\thave\anaconda3\Library\usr\bin;C:\Users\thave\anaconda3\Library\bin;C:\Users\thave\anaconda3\Scripts;C:\Users\thave\scoop\shims;C:\Program Files\MySQL\MySQL Shell 8.0\bin\;%MYSQL_HOME%\bin;C:\Users\thave\AppData\Local\Programs\Python\Python39\Scripts\;C:\Users\thave\AppData\Local\Programs\Python\Python39\;C:\php-8.2.6-Win32-vs16-x64C:\PHP7;C:\Users\thave\AppData\Roaming\Composer\vendor\bin;C:\Python39;C:\Users\thave\AppData\Local\Programs\Microsoft VS Code\bin;C:\Users\thave\AppData\Local\Microsoft\WindowsApps;C:\Program Files\JetBrains\PhpStorm 2021.1.1\bin;C:\Users\thave\AppData\Local\Microsoft\WindowsApps;C:\Users\thave\.dotnet\tools;C:\Program Files\heroku\bin;C:\Python310\Lib\site-packages\pipenv;C:\Users\thave\AppData\Roaming\npm
USERNAME=thave
OS=Windows_NT
PROCESSOR_IDENTIFIER=AMD64 Family 23 Model 96 Stepping 1, AuthenticAMD
TMP=C:\Users\thave\AppData\Local\Temp
TEMP=C:\Users\thave\AppData\Local\Temp



---------------  S Y S T E M  ---------------

OS:
 Windows 11 , 64 bit Build 22621 (10.0.22621.1928)
OS uptime: 1 days 0:46 hours
Hyper-V role detected

CPU: total 6 (initial active 6) (6 cores per cpu, 1 threads per core) family 23 model 96 stepping 1 microcode 0x0, cx8, cmov, fxsr, mmx, 3dnowpref, sse, sse2, sse3, ssse3, sse4a, sse4.1, sse4.2, popcnt, lzcnt, tsc, tscinvbit, avx, avx2, aes, clmul, bmi1, bmi2, adx, sha, fma, vzeroupper, clflush, clflushopt, hv

Memory: 4k page, system-wide physical 7399M (355M free)
TotalPageFile size 29927M (AvailPageFile size 8M)
current process WorkingSet (physical memory assigned to process): 78M, peak: 79M
current process commit charge ("private bytes"): 195M, peak: 196M

vm_info: OpenJDK 64-Bit Server VM (17.0.7+7) for windows-amd64 JRE (17.0.7+7), built on Apr 18 2023 22:10:42 by "temurin" with MS VC++ 16.7 (VS2019)

END.
